<?xml version="1.0" encoding="UTF-8"?>
<testsuite name="Register new Student" tests="1" skipped="0" failures="1" errors="0" timestamp="2021-07-04T17:09:50" hostname="SQAT1MEDWIN46" time="40.461">
  <properties/>
  <testcase name="Register successful" classname="Register new Student" time="40.461">
    <failure message="java.lang.AssertionError: &#10;Expected: equalToIgnoringCase(&quot;Thanks for submitting the fo&quot;)&#10;     but: was Thanks for submitting the form" type="java.lang.AssertionError">java.lang.AssertionError: 
Expected: equalToIgnoringCase(&quot;Thanks for submitting the fo&quot;)
     but: was Thanks for submitting the form
	at net.serenitybdd.screenplay.ErrorTally.throwSummaryExceptionFrom(ErrorTally.java:36)
	at net.serenitybdd.screenplay.ErrorTally.reportAnyErrors(ErrorTally.java:30)
	at net.serenitybdd.screenplay.Actor.should(Actor.java:301)
	at com.demoqa.test.tasks.ValidationForms.performAs(ValidationForms.java:22)
	at com.demoqa.test.tasks.ValidationForms$$EnhancerByCGLIB$$fff81bfc.CGLIB$performAs$0(&lt;generated&gt;)
	at com.demoqa.test.tasks.ValidationForms$$EnhancerByCGLIB$$fff81bfc$$FastClassByCGLIB$$c1a511e.invoke(&lt;generated&gt;)
	at net.sf.cglib.proxy.MethodProxy.invokeSuper(MethodProxy.java:228)
	at net.thucydides.core.steps.StepInterceptor.invokeMethod(StepInterceptor.java:460)
	at net.thucydides.core.steps.StepInterceptor.executeTestStepMethod(StepInterceptor.java:445)
	at net.thucydides.core.steps.StepInterceptor.runTestStep(StepInterceptor.java:420)
	at net.thucydides.core.steps.StepInterceptor.runOrSkipMethod(StepInterceptor.java:175)
	at net.thucydides.core.steps.StepInterceptor.testStepResult(StepInterceptor.java:162)
	at net.thucydides.core.steps.StepInterceptor.intercept(StepInterceptor.java:68)
	at com.demoqa.test.tasks.ValidationForms$$EnhancerByCGLIB$$fff81bfc.performAs(&lt;generated&gt;)
	at net.serenitybdd.screenplay.Actor.performTask(Actor.java:233)
	at net.serenitybdd.screenplay.Actor.perform(Actor.java:214)
	at net.serenitybdd.screenplay.Actor.attemptsTo(Actor.java:171)
	at com.demoqa.test.stepdefinitions.PracticeFormsStepDefinitions.heShouldSeeYourRegistrationData(PracticeFormsStepDefinitions.java:44)
	at ✽.he should see your registration data(src/test/resources/features/practiceForms.feature:6)
</failure>
  </testcase>
  <system-out><![CDATA[]]></system-out>
  <system-err><![CDATA[jul 04, 2021 12:09:50 PM org.openqa.selenium.remote.DesiredCapabilities chrome
INFORMACIÓN: Using `new ChromeOptions()` is preferred to `DesiredCapabilities.chrome()`
[Test worker] INFO net.serenitybdd.core.webdriver.driverproviders.ProvideNewDriver - Instantiating driver
[Test worker] INFO net.serenitybdd.core.webdriver.driverproviders.ProvideNewDriver - Driver capabilities: Capabilities {acceptInsecureCerts: false, browserName: chrome, chrome.switches: --start-maximized --disable..., goog:chromeOptions: {args: [--start-maximized, --disable-popup-blocking], extensions: []}, loggingPrefs: org.openqa.selenium.logging..., platform: ANY, unexpectedAlertBehaviour: ignore, unhandledPromptBehavior: ignore, version: }
Starting ChromeDriver 91.0.4472.101 (af52a90bf87030dd1523486a1cd3ae25c5d76c9b-refs/branch-heads/4472@{#1462}) on port 2105
Only local connections are allowed.
Please see https://chromedriver.chromium.org/security-considerations for suggestions on keeping ChromeDriver safe.
ChromeDriver was started successfully.
jul 04, 2021 12:09:54 PM org.openqa.selenium.remote.ProtocolHandshake createSession
INFORMACIÓN: Detected dialect: W3C
[Test worker] ERROR net.thucydides.core.steps.ConsoleLoggingListener - 
           __  _____ _____ ____ _____   _____ _    ___ _     _____ ____  
  _       / / |_   _| ____/ ___|_   _| |  ___/ \  |_ _| |   | ____|  _ \ 
 (_)_____| |    | | |  _| \___ \ | |   | |_ / _ \  | || |   |  _| | | | |
  _|_____| |    | | | |___ ___) || |   |  _/ ___ \ | || |___| |___| |_| |
 (_)     | |    |_| |_____|____/ |_|   |_|/_/   \_\___|_____|_____|____/ 
          \_\                                                            

TEST FAILED: Register successful
--------------------------------------------------------------------------
[Test worker] ERROR net.thucydides.core.steps.ConsoleLoggingListener - TEST FAILED AT STEP Then validations should be equalToIgnoringCase('Thanks for submitting the fo')
[Test worker] ERROR net.thucydides.core.steps.ConsoleLoggingListener - Expected: equalToIgnoringCase("Thanks for submitting the fo") but: was Thanks for submitting the form
]]></system-err>
</testsuite>
